TN:
SF:src\FireBase\FireBase.js
FNF:0
FNH:0
DA:1,1
DA:2,1
DA:3,1
DA:6,1
LF:4
LH:4
BRF:0
BRH:0
end_of_record
TN:
SF:src\Model\User.ts
FN:18,(anonymous_0)
FN:32,(anonymous_1)
FN:36,(anonymous_2)
FN:40,(anonymous_3)
FN:44,(anonymous_4)
FN:47,(anonymous_5)
FN:51,(anonymous_6)
FN:55,(anonymous_7)
FN:59,(anonymous_8)
FN:63,(anonymous_9)
FN:67,(anonymous_10)
FN:71,(anonymous_11)
FN:75,(anonymous_12)
FN:79,(anonymous_13)
FN:83,(anonymous_14)
FN:87,(anonymous_15)
FN:91,(anonymous_16)
FN:95,(anonymous_17)
FN:98,(anonymous_18)
FN:102,(anonymous_19)
FN:106,(anonymous_20)
FN:110,(anonymous_21)
FN:114,(anonymous_22)
FN:118,(anonymous_23)
FN:121,(anonymous_24)
FN:124,(anonymous_25)
FN:132,(anonymous_26)
FN:135,(anonymous_27)
FN:139,(anonymous_28)
FN:143,(anonymous_29)
FN:147,(anonymous_30)
FN:151,(anonymous_31)
FN:155,(anonymous_32)
FN:160,(anonymous_33)
FN:165,(anonymous_34)
FN:169,(anonymous_35)
FN:173,(anonymous_36)
FN:177,(anonymous_37)
FN:181,(anonymous_38)
FNF:39
FNH:21
FNDA:4,(anonymous_0)
FNDA:2,(anonymous_1)
FNDA:2,(anonymous_2)
FNDA:2,(anonymous_3)
FNDA:0,(anonymous_4)
FNDA:0,(anonymous_5)
FNDA:0,(anonymous_6)
FNDA:2,(anonymous_7)
FNDA:2,(anonymous_8)
FNDA:0,(anonymous_9)
FNDA:0,(anonymous_10)
FNDA:2,(anonymous_11)
FNDA:0,(anonymous_12)
FNDA:1,(anonymous_13)
FNDA:0,(anonymous_14)
FNDA:3,(anonymous_15)
FNDA:2,(anonymous_16)
FNDA:2,(anonymous_17)
FNDA:1,(anonymous_18)
FNDA:0,(anonymous_19)
FNDA:0,(anonymous_20)
FNDA:2,(anonymous_21)
FNDA:0,(anonymous_22)
FNDA:0,(anonymous_23)
FNDA:1,(anonymous_24)
FNDA:1,(anonymous_25)
FNDA:1,(anonymous_26)
FNDA:2,(anonymous_27)
FNDA:0,(anonymous_28)
FNDA:0,(anonymous_29)
FNDA:2,(anonymous_30)
FNDA:0,(anonymous_31)
FNDA:0,(anonymous_32)
FNDA:2,(anonymous_33)
FNDA:0,(anonymous_34)
FNDA:0,(anonymous_35)
FNDA:0,(anonymous_36)
FNDA:2,(anonymous_37)
FNDA:1,(anonymous_38)
DA:1,1
DA:2,1
DA:3,1
DA:5,1
DA:20,4
DA:21,4
DA:22,4
DA:23,4
DA:24,4
DA:25,4
DA:26,4
DA:28,4
DA:29,4
DA:30,4
DA:33,2
DA:37,2
DA:41,2
DA:45,0
DA:48,0
DA:52,0
DA:56,2
DA:60,2
DA:64,0
DA:68,0
DA:72,2
DA:76,0
DA:80,1
DA:84,0
DA:88,3
DA:92,2
DA:96,2
DA:99,1
DA:103,0
DA:107,0
DA:111,2
DA:115,0
DA:119,0
DA:122,1
DA:125,1
DA:130,1
DA:133,1
DA:136,2
DA:137,2
DA:140,0
DA:141,0
DA:144,0
DA:145,0
DA:148,2
DA:149,2
DA:152,0
DA:153,0
DA:156,0
DA:157,0
DA:161,2
DA:162,2
DA:166,0
DA:167,0
DA:170,0
DA:171,0
DA:174,0
DA:175,0
DA:178,2
DA:179,2
DA:182,1
LF:64
LH:39
BRDA:20,0,0,1
BRDA:20,0,1,3
BRDA:20,1,0,1
BRDA:20,1,1,3
BRDA:20,2,0,4
BRDA:20,2,1,4
BRDA:21,3,0,1
BRDA:21,3,1,3
BRDA:21,4,0,4
BRDA:21,4,1,4
BRDA:22,5,0,0
BRDA:22,5,1,4
BRDA:22,6,0,0
BRDA:22,6,1,4
BRDA:22,7,0,4
BRDA:22,7,1,4
BRDA:26,8,0,0
BRDA:26,8,1,4
BRDA:26,9,0,4
BRDA:26,9,1,4
BRDA:26,10,0,3
BRDA:26,10,1,1
BRDA:26,11,0,4
BRDA:26,11,1,4
BRDA:92,12,0,2
BRDA:92,12,1,0
BRDA:99,13,0,1
BRDA:99,13,1,0
BRDA:99,14,0,1
BRDA:99,14,1,1
BRDA:133,15,0,0
BRDA:133,15,1,1
BRDA:133,16,0,1
BRDA:133,16,1,1
BRF:34
BRH:28
end_of_record
